<?xml version="1.0" encoding="UTF-8"?>
<!-- Generated by org.testng.reporters.JUnitReportReporter -->
<testsuite hostname="HarshaRS" failures="0" tests="1" name="TestPkg.IFBTest" time="52.792" errors="0" timestamp="2024-04-02T21:06:54 IST" skipped="0">
  <testcase classname="TestPkg.IFBTest" name="VerifyAllScenarios" time="52.792"/>
  <system-out/>
</testsuite> <!-- TestPkg.IFBTest -->
